[2018-07-30 09:22:43,003] [DEBUG] [HTMLTestRunner.py:_generate_report:750] []
[2018-07-30 09:42:01,016] [DEBUG] [HTMLTestRunner.py:_generate_report:750] []
[2018-07-30 09:42:38,295] [DEBUG] [HTMLTestRunner.py:_generate_report:750] []
[2018-07-30 09:43:44,496] [DEBUG] [HTMLTestRunner.py:_generate_report:750] []
[2018-07-30 10:21:09,391] [DEBUG] [HTMLTestRunner.py:_generate_report:750] [('test_b_personhome.jpg',)]
[2018-07-30 10:32:16,504] [DEBUG] [HTMLTestRunner.py:_generate_report:750] []
[2018-07-30 10:42:05,489] [DEBUG] [HTMLTestRunner.py:_generate_report:750] []
[2018-07-30 10:42:05,489] [DEBUG] [HTMLTestRunner.py:_generate_report:750] []
[2018-07-30 10:46:43,438] [DEBUG] [HTMLTestRunner.py:_generate_report:750] [('test_a_account.jpg',)]
[2018-07-30 16:26:13,211] [DEBUG] [HTMLTestRunner.py:_generate_report:750] [('test_a_account.jpg',)]
[2018-07-30 16:26:32,226] [DEBUG] [HTMLTestRunner.py:_generate_report:750] []
[2018-07-30 16:28:35,206] [DEBUG] [HTMLTestRunner.py:_generate_report:750] []
[2018-07-31 11:46:12,650] [DEBUG] [HTMLTestRunner.py:_generate_report:750] []
[2018-07-31 11:56:21,300] [DEBUG] [HTMLTestRunner.py:_generate_report:750] []
[2018-08-03 17:13:15,607] [DEBUG] [HTMLTestRunner.py:_generate_report:750] []
[2018-08-03 17:13:15,609] [DEBUG] [HTMLTestRunner.py:_generate_report:750] []
[2018-08-06 13:56:27,232] [DEBUG] [HTMLTestRunner.py:_generate_report:750] []
[2018-08-06 13:56:27,236] [DEBUG] [HTMLTestRunner.py:_generate_report:750] []
[2018-08-06 14:33:33,301] [DEBUG] [HTMLTestRunner.py:_generate_report:750] []
[2018-08-06 14:33:33,302] [DEBUG] [HTMLTestRunner.py:_generate_report:750] []
[2018-08-06 14:39:09,968] [DEBUG] [HTMLTestRunner.py:_generate_report:750] []
[2018-08-06 14:39:09,969] [DEBUG] [HTMLTestRunner.py:_generate_report:750] []
[2018-08-09 09:02:57,271] [DEBUG] [HTMLTestRunner.py:_generate_report:750] []
[2018-08-09 09:02:57,277] [DEBUG] [HTMLTestRunner.py:_generate_report:750] []
[2018-08-09 09:11:08,547] [DEBUG] [HTMLTestRunner.py:_generate_report:750] []
[2018-08-09 09:11:08,548] [DEBUG] [HTMLTestRunner.py:_generate_report:750] []
[2018-08-09 10:07:04,615] [DEBUG] [HTMLTestRunner.py:_generate_report:750] []
[2018-08-09 10:07:04,615] [DEBUG] [HTMLTestRunner.py:_generate_report:750] []
[2018-08-09 10:09:21,763] [DEBUG] [HTMLTestRunner.py:_generate_report:750] [('test_a_qiyedata.jpg',)]
[2018-08-09 10:09:21,764] [DEBUG] [HTMLTestRunner.py:_generate_report:750] [('test_a_qiyedata.jpg',)]
[2018-08-09 10:12:16,607] [DEBUG] [HTMLTestRunner.py:_generate_report:750] []
[2018-08-09 10:12:16,608] [DEBUG] [HTMLTestRunner.py:_generate_report:750] []
[2018-08-09 17:32:14,946] [DEBUG] [HTMLTestRunner.py:_generate_report:750] []
[2018-08-09 17:32:14,946] [DEBUG] [HTMLTestRunner.py:_generate_report:750] []
[2018-09-05 15:32:03,084] [DEBUG] [HTMLTestRunner.py:_generate_report:750] [('test_a_account.jpg',)]
[2018-09-05 15:32:03,085] [DEBUG] [HTMLTestRunner.py:_generate_report:750] [('test_a_account.jpg',)]
[2018-09-05 15:58:55,676] [DEBUG] [HTMLTestRunner.py:_generate_report:750] []
[2018-09-05 15:59:57,705] [DEBUG] [HTMLTestRunner.py:_generate_report:750] [('test_a_login.jpg',)]
[2018-09-05 16:41:07,794] [DEBUG] [HTMLTestRunner.py:_generate_report:750] [('test_a_login.jpg',)]
[2018-09-05 16:42:26,298] [DEBUG] [HTMLTestRunner.py:_generate_report:750] [('test_a_login.jpg',)]
[2018-09-05 16:57:35,202] [DEBUG] [HTMLTestRunner.py:_generate_report:750] [('test_a_login.jpg',)]
[2018-09-05 16:58:53,672] [DEBUG] [HTMLTestRunner.py:_generate_report:750] [('test_a_login.jpg',)]
[2018-09-05 16:59:45,067] [DEBUG] [HTMLTestRunner.py:_generate_report:750] []
[2018-09-05 17:00:27,211] [DEBUG] [HTMLTestRunner.py:_generate_report:750] []
[2018-09-05 17:01:36,425] [DEBUG] [HTMLTestRunner.py:_generate_report:750] []
[2018-09-05 17:06:43,595] [DEBUG] [HTMLTestRunner.py:_generate_report:750] []
[2018-09-05 17:07:41,928] [DEBUG] [HTMLTestRunner.py:_generate_report:750] []
[2018-09-05 17:09:14,768] [DEBUG] [HTMLTestRunner.py:_generate_report:750] []
[2018-09-05 17:11:07,889] [DEBUG] [HTMLTestRunner.py:_generate_report:750] [('test_a_login.jpg',)]
[2018-09-05 17:24:04,737] [DEBUG] [HTMLTestRunner.py:_generate_report:750] []
[2018-09-05 17:26:01,942] [DEBUG] [HTMLTestRunner.py:_generate_report:750] []
[2018-09-05 17:28:11,377] [DEBUG] [HTMLTestRunner.py:_generate_report:750] [('test_c_login.jpg',)]
[2018-09-05 17:29:35,738] [DEBUG] [HTMLTestRunner.py:_generate_report:750] [('test_c_login.jpg',)]
[2018-09-05 17:33:55,743] [DEBUG] [HTMLTestRunner.py:_generate_report:750] []
[2018-09-05 18:10:04,583] [DEBUG] [HTMLTestRunner.py:_generate_report:750] []
[2018-09-05 18:10:04,584] [DEBUG] [HTMLTestRunner.py:_generate_report:750] []
[2018-09-05 18:10:04,585] [DEBUG] [HTMLTestRunner.py:_generate_report:750] []
[2018-09-05 18:12:31,349] [DEBUG] [HTMLTestRunner.py:_generate_report:750] []
[2018-09-05 18:12:31,350] [DEBUG] [HTMLTestRunner.py:_generate_report:750] []
[2018-09-05 18:13:40,389] [DEBUG] [HTMLTestRunner.py:_generate_report:750] []
[2018-09-05 18:13:40,390] [DEBUG] [HTMLTestRunner.py:_generate_report:750] []
[2018-09-05 18:24:19,387] [DEBUG] [HTMLTestRunner.py:_generate_report:750] []
[2018-09-05 18:24:19,388] [DEBUG] [HTMLTestRunner.py:_generate_report:750] []
[2018-09-05 18:25:23,304] [DEBUG] [HTMLTestRunner.py:_generate_report:750] []
[2018-09-05 18:25:23,305] [DEBUG] [HTMLTestRunner.py:_generate_report:750] []
[2018-09-05 18:29:29,961] [DEBUG] [HTMLTestRunner.py:_generate_report:750] []
[2018-09-05 18:29:29,962] [DEBUG] [HTMLTestRunner.py:_generate_report:750] []
[2018-09-05 18:31:32,833] [DEBUG] [HTMLTestRunner.py:_generate_report:750] []
[2018-09-05 18:31:32,834] [DEBUG] [HTMLTestRunner.py:_generate_report:750] []
[2018-09-07 16:07:08,460] [DEBUG] [HTMLTestRunner.py:_generate_report:750] []
[2018-09-07 16:07:08,461] [DEBUG] [HTMLTestRunner.py:_generate_report:750] []
[2018-09-07 16:41:58,764] [DEBUG] [HTMLTestRunner.py:_generate_report:750] []
[2018-09-07 16:41:58,765] [DEBUG] [HTMLTestRunner.py:_generate_report:750] []
[2018-09-07 16:50:15,872] [DEBUG] [HTMLTestRunner.py:_generate_report:750] []
[2018-09-07 16:50:15,874] [DEBUG] [HTMLTestRunner.py:_generate_report:750] []
[2018-09-07 16:57:19,659] [DEBUG] [test_login.py:setUpClass:12] 打开法新网。。
[2018-09-07 16:57:19,664] [DEBUG] [test_login.py:test_a_login:22] 最大化浏览器...
[2018-09-07 16:57:19,705] [DEBUG] [test_login.py:test_a_login:24] 点击登录按钮出现弹窗
[2018-09-07 16:58:22,380] [DEBUG] [HTMLTestRunner.py:_generate_report:750] []
[2018-09-07 16:58:22,381] [DEBUG] [HTMLTestRunner.py:_generate_report:750] []
[2018-09-07 17:18:10,195] [DEBUG] [test_login.py:setUpClass:12] 打开法新网。。
[2018-09-07 17:18:10,199] [DEBUG] [test_login.py:test_a_login:22] 最大化浏览器...
[2018-09-07 17:18:10,246] [DEBUG] [test_login.py:test_a_login:24] 点击登录按钮出现弹窗
[2018-09-07 17:19:06,490] [DEBUG] [HTMLTestRunner.py:_generate_report:750] []
[2018-09-07 17:19:06,490] [DEBUG] [HTMLTestRunner.py:_generate_report:750] []
[2018-09-07 17:20:10,825] [DEBUG] [test_location.py:setUpClass:12] 打开法新网。。
[2018-09-07 17:20:19,214] [DEBUG] [test_login.py:setUpClass:12] 打开法新网。。
[2018-09-07 17:20:19,217] [DEBUG] [test_login.py:test_a_login:22] 最大化浏览器...
[2018-09-07 17:20:19,261] [DEBUG] [test_login.py:test_a_login:24] 点击登录按钮出现弹窗
[2018-09-07 17:21:15,577] [DEBUG] [HTMLTestRunner.py:_generate_report:750] []
[2018-09-07 17:21:15,578] [DEBUG] [HTMLTestRunner.py:_generate_report:750] []
[2018-09-07 17:21:15,578] [DEBUG] [HTMLTestRunner.py:_generate_report:750] []
[2018-09-07 17:22:29,319] [DEBUG] [test_location.py:setUpClass:12] 打开法新网。。
[2018-09-07 17:22:40,120] [DEBUG] [test_login.py:setUpClass:12] 打开法新网。。
[2018-09-07 17:22:40,122] [DEBUG] [test_login.py:test_a_login:22] 最大化浏览器...
[2018-09-07 17:22:40,173] [DEBUG] [test_login.py:test_a_login:24] 点击登录按钮出现弹窗
[2018-09-07 17:23:46,820] [DEBUG] [HTMLTestRunner.py:_generate_report:750] []
[2018-09-07 17:23:46,821] [DEBUG] [HTMLTestRunner.py:_generate_report:750] []
[2018-09-07 17:23:46,821] [DEBUG] [HTMLTestRunner.py:_generate_report:750] []
[2018-09-07 17:29:01,784] [DEBUG] [test_location.py:setUpClass:12] 打开法新网。。
[2018-09-07 17:29:10,595] [DEBUG] [test_login.py:setUpClass:12] 打开法新网。。
[2018-09-07 17:29:10,598] [DEBUG] [test_login.py:test_a_login:22] 最大化浏览器...
[2018-09-07 17:29:10,643] [DEBUG] [test_login.py:test_a_login:24] 点击登录按钮出现弹窗
[2018-09-07 17:30:26,018] [DEBUG] [HTMLTestRunner.py:_generate_report:750] []
[2018-09-07 17:30:26,019] [DEBUG] [HTMLTestRunner.py:_generate_report:750] []
[2018-09-07 17:30:26,019] [DEBUG] [HTMLTestRunner.py:_generate_report:750] []
[2018-09-07 17:31:51,810] [DEBUG] [test_location.py:setUpClass:12] 打开法新网。。
[2018-09-07 17:32:01,492] [DEBUG] [test_login.py:setUpClass:12] 打开法新网。。
[2018-09-07 17:32:01,494] [DEBUG] [test_login.py:test_a_login:22] 最大化浏览器...
[2018-09-07 17:32:01,543] [DEBUG] [test_login.py:test_a_login:24] 点击登录按钮出现弹窗
[2018-09-07 17:33:00,823] [DEBUG] [HTMLTestRunner.py:_generate_report:750] []
[2018-09-07 17:33:00,824] [DEBUG] [HTMLTestRunner.py:_generate_report:750] []
[2018-09-07 17:33:00,824] [DEBUG] [HTMLTestRunner.py:_generate_report:750] []
[2018-09-07 17:35:34,666] [DEBUG] [test_location.py:setUpClass:12] 打开法新网。。
[2018-09-07 17:35:42,077] [DEBUG] [test_login.py:setUpClass:12] 打开法新网。。
[2018-09-07 17:35:42,079] [DEBUG] [test_login.py:test_a_login:22] 最大化浏览器...
[2018-09-07 17:35:42,128] [DEBUG] [test_login.py:test_a_login:24] 点击登录按钮出现弹窗
[2018-09-07 17:36:39,198] [DEBUG] [HTMLTestRunner.py:_generate_report:750] []
[2018-09-07 17:36:39,198] [DEBUG] [HTMLTestRunner.py:_generate_report:750] []
[2018-09-07 17:36:39,199] [DEBUG] [HTMLTestRunner.py:_generate_report:750] []
[2018-09-07 17:37:24,620] [DEBUG] [test_location.py:setUpClass:12] 打开法新网。。
[2018-09-07 17:37:34,033] [DEBUG] [test_login.py:setUpClass:12] 打开法新网。。
[2018-09-07 17:37:34,036] [DEBUG] [test_login.py:test_a_login:22] 最大化浏览器...
[2018-09-07 17:37:34,093] [DEBUG] [test_login.py:test_a_login:24] 点击登录按钮出现弹窗
[2018-09-07 17:38:32,534] [DEBUG] [HTMLTestRunner.py:_generate_report:750] []
[2018-09-07 17:38:32,535] [DEBUG] [HTMLTestRunner.py:_generate_report:750] []
[2018-09-07 17:38:32,535] [DEBUG] [HTMLTestRunner.py:_generate_report:750] []
[2018-09-07 17:44:02,027] [DEBUG] [test_location.py:setUpClass:12] 打开法新网。。
[2018-09-07 17:44:12,225] [DEBUG] [test_login.py:setUpClass:12] 打开法新网。。
[2018-09-07 17:44:12,235] [DEBUG] [test_login.py:test_a_login:22] 最大化浏览器...
[2018-09-07 17:44:12,315] [DEBUG] [test_login.py:test_a_login:24] 点击登录按钮出现弹窗
[2018-09-07 17:45:17,897] [DEBUG] [HTMLTestRunner.py:_generate_report:750] []
[2018-09-07 17:45:17,898] [DEBUG] [HTMLTestRunner.py:_generate_report:750] []
[2018-09-07 17:45:17,898] [DEBUG] [HTMLTestRunner.py:_generate_report:750] []
[2018-09-07 17:49:08,177] [DEBUG] [HTMLTestRunner.py:_generate_report:750] []
[2018-09-07 17:49:08,177] [DEBUG] [HTMLTestRunner.py:_generate_report:750] []
[2018-09-07 17:49:08,178] [DEBUG] [HTMLTestRunner.py:_generate_report:750] []
[2018-09-07 18:01:31,419] [DEBUG] [HTMLTestRunner.py:_generate_report:750] []
[2018-09-07 18:01:31,420] [DEBUG] [HTMLTestRunner.py:_generate_report:750] []
[2018-09-07 18:01:31,420] [DEBUG] [HTMLTestRunner.py:_generate_report:750] []
[2018-09-10 10:23:00,854] [DEBUG] [HTMLTestRunner.py:_generate_report:750] []
[2018-09-10 10:23:00,855] [DEBUG] [HTMLTestRunner.py:_generate_report:750] []
[2018-09-10 10:23:00,856] [DEBUG] [HTMLTestRunner.py:_generate_report:750] []
